[04-Feb-2019 16:02:12 UTC] PHP Notice:  Use of undefined constant FEWGFSADGASD - assumed 'FEWGFSADGASD' in /Applications/XAMPP/xamppfiles/htdocs/awesometheme/wp-content/themes/awesome/functions.php on line 91
[05-Feb-2019 14:09:50 UTC] PHP Warning:  An unexpected error occurred. Something may be wrong with WordPress.org or this server&#8217;s configuration. If you continue to have problems, please try the <a href="https://wordpress.org/support/">support forums</a>. (WordPress could not establish a secure connection to WordPress.org. Please contact your server administrator.) in /Applications/XAMPP/xamppfiles/htdocs/awesometheme/wp-includes/update.php on line 155
[05-Feb-2019 14:10:10 UTC] PHP Warning:  An unexpected error occurred. Something may be wrong with WordPress.org or this server&#8217;s configuration. If you continue to have problems, please try the <a href="https://wordpress.org/support/">support forums</a>. (WordPress could not establish a secure connection to WordPress.org. Please contact your server administrator.) in /Applications/XAMPP/xamppfiles/htdocs/awesometheme/wp-includes/update.php on line 347
[05-Feb-2019 14:10:30 UTC] PHP Warning:  An unexpected error occurred. Something may be wrong with WordPress.org or this server&#8217;s configuration. If you continue to have problems, please try the <a href="https://wordpress.org/support/">support forums</a>. (WordPress could not establish a secure connection to WordPress.org. Please contact your server administrator.) in /Applications/XAMPP/xamppfiles/htdocs/awesometheme/wp-includes/update.php on line 529
[05-Feb-2019 15:27:23 UTC] PHP Parse error:  syntax error, unexpected '}', expecting end of file in /Applications/XAMPP/xamppfiles/htdocs/awesometheme/wp-content/themes/awesome/functions.php on line 93
[05-Feb-2019 15:28:11 UTC] PHP Warning:  call_user_func_array() expects parameter 1 to be a valid callback, function 'awesome_header_style' not found or invalid function name in /Applications/XAMPP/xamppfiles/htdocs/awesometheme/wp-includes/class-wp-hook.php on line 286
[05-Feb-2019 15:30:16 UTC] PHP Fatal error:  Uncaught Error: Call to undefined function awesome_get_svg() in /Applications/XAMPP/xamppfiles/htdocs/awesometheme/wp-content/themes/awesome/functions.php:159
Stack trace:
#0 /Applications/XAMPP/xamppfiles/htdocs/awesometheme/wp-includes/class-wp-hook.php(286): awesome_video_controls(Array)
#1 /Applications/XAMPP/xamppfiles/htdocs/awesometheme/wp-includes/plugin.php(203): WP_Hook->apply_filters(Array, Array)
#2 /Applications/XAMPP/xamppfiles/htdocs/awesometheme/wp-includes/theme.php(1408): apply_filters('header_video_se...', Array)
#3 /Applications/XAMPP/xamppfiles/htdocs/awesometheme/wp-includes/theme.php(1495): get_header_video_settings()
#4 /Applications/XAMPP/xamppfiles/htdocs/awesometheme/wp-includes/customize/class-wp-customize-partial.php(203): the_custom_header_markup(Object(WP_Customize_Partial), NULL)
#5 /Applications/XAMPP/xamppfiles/htdocs/awesometheme/wp-includes/customize/class-wp-customize-selective-refresh.php(384): WP_Customize_Partial->render(NULL)
#6 /Applications/XAMPP/xamppfiles/htdocs/aw in /Applications/XAMPP/xamppfiles/htdocs/awesometheme/wp-content/themes/awesome/functions.php on line 159
[05-Feb-2019 15:34:35 UTC] PHP Fatal error:  Uncaught Error: Call to undefined function awesome_get_svg() in /Applications/XAMPP/xamppfiles/htdocs/awesometheme/wp-content/themes/awesome/functions.php:159
Stack trace:
#0 /Applications/XAMPP/xamppfiles/htdocs/awesometheme/wp-includes/class-wp-hook.php(286): awesome_video_controls(Array)
#1 /Applications/XAMPP/xamppfiles/htdocs/awesometheme/wp-includes/plugin.php(203): WP_Hook->apply_filters(Array, Array)
#2 /Applications/XAMPP/xamppfiles/htdocs/awesometheme/wp-includes/theme.php(1408): apply_filters('header_video_se...', Array)
#3 /Applications/XAMPP/xamppfiles/htdocs/awesometheme/wp-includes/theme.php(1495): get_header_video_settings()
#4 /Applications/XAMPP/xamppfiles/htdocs/awesometheme/wp-includes/customize/class-wp-customize-partial.php(203): the_custom_header_markup(Object(WP_Customize_Partial), NULL)
#5 /Applications/XAMPP/xamppfiles/htdocs/awesometheme/wp-includes/customize/class-wp-customize-selective-refresh.php(384): WP_Customize_Partial->render(NULL)
#6 /Applications/XAMPP/xamppfiles/htdocs/aw in /Applications/XAMPP/xamppfiles/htdocs/awesometheme/wp-content/themes/awesome/functions.php on line 159
[05-Feb-2019 15:35:10 UTC] PHP Fatal error:  Uncaught Error: Call to undefined function awesome_get_svg() in /Applications/XAMPP/xamppfiles/htdocs/awesometheme/wp-content/themes/awesome/functions.php:159
Stack trace:
#0 /Applications/XAMPP/xamppfiles/htdocs/awesometheme/wp-includes/class-wp-hook.php(286): awesome_video_controls(Array)
#1 /Applications/XAMPP/xamppfiles/htdocs/awesometheme/wp-includes/plugin.php(203): WP_Hook->apply_filters(Array, Array)
#2 /Applications/XAMPP/xamppfiles/htdocs/awesometheme/wp-includes/theme.php(1408): apply_filters('header_video_se...', Array)
#3 /Applications/XAMPP/xamppfiles/htdocs/awesometheme/wp-includes/theme.php(1495): get_header_video_settings()
#4 /Applications/XAMPP/xamppfiles/htdocs/awesometheme/wp-includes/customize/class-wp-customize-partial.php(203): the_custom_header_markup(Object(WP_Customize_Partial), NULL)
#5 /Applications/XAMPP/xamppfiles/htdocs/awesometheme/wp-includes/customize/class-wp-customize-selective-refresh.php(384): WP_Customize_Partial->render(NULL)
#6 /Applications/XAMPP/xamppfiles/htdocs/aw in /Applications/XAMPP/xamppfiles/htdocs/awesometheme/wp-content/themes/awesome/functions.php on line 159
[05-Feb-2019 15:35:18 UTC] PHP Fatal error:  Uncaught Error: Call to undefined function awesome_get_svg() in /Applications/XAMPP/xamppfiles/htdocs/awesometheme/wp-content/themes/awesome/functions.php:159
Stack trace:
#0 /Applications/XAMPP/xamppfiles/htdocs/awesometheme/wp-includes/class-wp-hook.php(286): awesome_video_controls(Array)
#1 /Applications/XAMPP/xamppfiles/htdocs/awesometheme/wp-includes/plugin.php(203): WP_Hook->apply_filters(Array, Array)
#2 /Applications/XAMPP/xamppfiles/htdocs/awesometheme/wp-includes/theme.php(1408): apply_filters('header_video_se...', Array)
#3 /Applications/XAMPP/xamppfiles/htdocs/awesometheme/wp-includes/theme.php(1495): get_header_video_settings()
#4 /Applications/XAMPP/xamppfiles/htdocs/awesometheme/wp-includes/customize/class-wp-customize-partial.php(203): the_custom_header_markup(Object(WP_Customize_Partial), NULL)
#5 /Applications/XAMPP/xamppfiles/htdocs/awesometheme/wp-includes/customize/class-wp-customize-selective-refresh.php(384): WP_Customize_Partial->render(NULL)
#6 /Applications/XAMPP/xamppfiles/htdocs/aw in /Applications/XAMPP/xamppfiles/htdocs/awesometheme/wp-content/themes/awesome/functions.php on line 159
[05-Feb-2019 15:37:33 UTC] PHP Fatal error:  Uncaught Error: Call to undefined function awesome_get_svg() in /Applications/XAMPP/xamppfiles/htdocs/awesometheme/wp-content/themes/awesome/functions.php:159
Stack trace:
#0 /Applications/XAMPP/xamppfiles/htdocs/awesometheme/wp-includes/class-wp-hook.php(286): awesome_video_controls(Array)
#1 /Applications/XAMPP/xamppfiles/htdocs/awesometheme/wp-includes/plugin.php(203): WP_Hook->apply_filters(Array, Array)
#2 /Applications/XAMPP/xamppfiles/htdocs/awesometheme/wp-includes/theme.php(1408): apply_filters('header_video_se...', Array)
#3 /Applications/XAMPP/xamppfiles/htdocs/awesometheme/wp-includes/theme.php(1495): get_header_video_settings()
#4 /Applications/XAMPP/xamppfiles/htdocs/awesometheme/wp-includes/customize/class-wp-customize-partial.php(203): the_custom_header_markup(Object(WP_Customize_Partial), NULL)
#5 /Applications/XAMPP/xamppfiles/htdocs/awesometheme/wp-includes/customize/class-wp-customize-selective-refresh.php(384): WP_Customize_Partial->render(NULL)
#6 /Applications/XAMPP/xamppfiles/htdocs/aw in /Applications/XAMPP/xamppfiles/htdocs/awesometheme/wp-content/themes/awesome/functions.php on line 159
[05-Feb-2019 15:37:37 UTC] PHP Fatal error:  Uncaught Error: Call to undefined function awesome_get_svg() in /Applications/XAMPP/xamppfiles/htdocs/awesometheme/wp-content/themes/awesome/functions.php:159
Stack trace:
#0 /Applications/XAMPP/xamppfiles/htdocs/awesometheme/wp-includes/class-wp-hook.php(286): awesome_video_controls(Array)
#1 /Applications/XAMPP/xamppfiles/htdocs/awesometheme/wp-includes/plugin.php(203): WP_Hook->apply_filters(Array, Array)
#2 /Applications/XAMPP/xamppfiles/htdocs/awesometheme/wp-includes/theme.php(1408): apply_filters('header_video_se...', Array)
#3 /Applications/XAMPP/xamppfiles/htdocs/awesometheme/wp-includes/theme.php(1495): get_header_video_settings()
#4 /Applications/XAMPP/xamppfiles/htdocs/awesometheme/wp-includes/customize/class-wp-customize-partial.php(203): the_custom_header_markup(Object(WP_Customize_Partial), NULL)
#5 /Applications/XAMPP/xamppfiles/htdocs/awesometheme/wp-includes/customize/class-wp-customize-selective-refresh.php(384): WP_Customize_Partial->render(NULL)
#6 /Applications/XAMPP/xamppfiles/htdocs/aw in /Applications/XAMPP/xamppfiles/htdocs/awesometheme/wp-content/themes/awesome/functions.php on line 159
[05-Feb-2019 15:51:32 UTC] PHP Fatal error:  Uncaught Error: Call to undefined function awesome_get_svg() in /Applications/XAMPP/xamppfiles/htdocs/awesometheme/wp-content/themes/awesome/functions.php:159
Stack trace:
#0 /Applications/XAMPP/xamppfiles/htdocs/awesometheme/wp-includes/class-wp-hook.php(286): awesome_video_controls(Array)
#1 /Applications/XAMPP/xamppfiles/htdocs/awesometheme/wp-includes/plugin.php(203): WP_Hook->apply_filters(Array, Array)
#2 /Applications/XAMPP/xamppfiles/htdocs/awesometheme/wp-includes/theme.php(1408): apply_filters('header_video_se...', Array)
#3 /Applications/XAMPP/xamppfiles/htdocs/awesometheme/wp-includes/theme.php(1495): get_header_video_settings()
#4 /Applications/XAMPP/xamppfiles/htdocs/awesometheme/wp-includes/customize/class-wp-customize-partial.php(203): the_custom_header_markup(Object(WP_Customize_Partial), NULL)
#5 /Applications/XAMPP/xamppfiles/htdocs/awesometheme/wp-includes/customize/class-wp-customize-selective-refresh.php(384): WP_Customize_Partial->render(NULL)
#6 /Applications/XAMPP/xamppfiles/htdocs/aw in /Applications/XAMPP/xamppfiles/htdocs/awesometheme/wp-content/themes/awesome/functions.php on line 159
[11-Feb-2019 13:29:59 UTC] PHP Warning:  An unexpected error occurred. Something may be wrong with WordPress.org or this server&#8217;s configuration. If you continue to have problems, please try the <a href="https://wordpress.org/support/">support forums</a>. (WordPress could not establish a secure connection to WordPress.org. Please contact your server administrator.) in /Applications/XAMPP/xamppfiles/htdocs/awesometheme/wp-includes/update.php on line 347
[11-Feb-2019 13:30:18 UTC] PHP Warning:  An unexpected error occurred. Something may be wrong with WordPress.org or this server&#8217;s configuration. If you continue to have problems, please try the <a href="https://wordpress.org/support/">support forums</a>. (WordPress could not establish a secure connection to WordPress.org. Please contact your server administrator.) in /Applications/XAMPP/xamppfiles/htdocs/awesometheme/wp-includes/update.php on line 529
[11-Feb-2019 14:06:38 UTC] PHP Warning:  An unexpected error occurred. Something may be wrong with WordPress.org or this server&#8217;s configuration. If you continue to have problems, please try the <a href="https://wordpress.org/support/">support forums</a>. (WordPress could not establish a secure connection to WordPress.org. Please contact your server administrator.) in /Applications/XAMPP/xamppfiles/htdocs/awesometheme/wp-includes/update.php on line 155
[13-Feb-2019 13:27:09 UTC] PHP Warning:  An unexpected error occurred. Something may be wrong with WordPress.org or this server&#8217;s configuration. If you continue to have problems, please try the <a href="https://wordpress.org/support/">support forums</a>. (WordPress could not establish a secure connection to WordPress.org. Please contact your server administrator.) in /Applications/XAMPP/xamppfiles/htdocs/awesometheme/wp-includes/update.php on line 155
[13-Feb-2019 13:27:24 UTC] PHP Warning:  An unexpected error occurred. Something may be wrong with WordPress.org or this server&#8217;s configuration. If you continue to have problems, please try the <a href="https://wordpress.org/support/">support forums</a>. (WordPress could not establish a secure connection to WordPress.org. Please contact your server administrator.) in /Applications/XAMPP/xamppfiles/htdocs/awesometheme/wp-includes/update.php on line 529
[13-Feb-2019 13:27:27 UTC] PHP Warning:  An unexpected error occurred. Something may be wrong with WordPress.org or this server&#8217;s configuration. If you continue to have problems, please try the <a href="https://wordpress.org/support/">support forums</a>. (WordPress could not establish a secure connection to WordPress.org. Please contact your server administrator.) in /Applications/XAMPP/xamppfiles/htdocs/awesometheme/wp-includes/update.php on line 347
[15-Feb-2019 14:06:14 UTC] PHP Warning:  An unexpected error occurred. Something may be wrong with WordPress.org or this server&#8217;s configuration. If you continue to have problems, please try the <a href="https://wordpress.org/support/">support forums</a>. (WordPress could not establish a secure connection to WordPress.org. Please contact your server administrator.) in /Applications/XAMPP/xamppfiles/htdocs/awesometheme/wp-includes/update.php on line 155
[15-Feb-2019 14:06:34 UTC] PHP Warning:  An unexpected error occurred. Something may be wrong with WordPress.org or this server&#8217;s configuration. If you continue to have problems, please try the <a href="https://wordpress.org/support/">support forums</a>. (WordPress could not establish a secure connection to WordPress.org. Please contact your server administrator.) in /Applications/XAMPP/xamppfiles/htdocs/awesometheme/wp-includes/update.php on line 347
[15-Feb-2019 14:06:54 UTC] PHP Warning:  An unexpected error occurred. Something may be wrong with WordPress.org or this server&#8217;s configuration. If you continue to have problems, please try the <a href="https://wordpress.org/support/">support forums</a>. (WordPress could not establish a secure connection to WordPress.org. Please contact your server administrator.) in /Applications/XAMPP/xamppfiles/htdocs/awesometheme/wp-includes/update.php on line 529
[16-Feb-2019 05:51:35 UTC] PHP Warning:  An unexpected error occurred. Something may be wrong with WordPress.org or this server&#8217;s configuration. If you continue to have problems, please try the <a href="https://wordpress.org/support/">support forums</a>. (WordPress could not establish a secure connection to WordPress.org. Please contact your server administrator.) in /Applications/XAMPP/xamppfiles/htdocs/awesometheme/wp-includes/update.php on line 155
[16-Feb-2019 05:51:50 UTC] PHP Warning:  An unexpected error occurred. Something may be wrong with WordPress.org or this server&#8217;s configuration. If you continue to have problems, please try the <a href="https://wordpress.org/support/">support forums</a>. (WordPress could not establish a secure connection to WordPress.org. Please contact your server administrator.) in /Applications/XAMPP/xamppfiles/htdocs/awesometheme/wp-includes/update.php on line 529
[16-Feb-2019 08:34:16 UTC] PHP Fatal error:  Uncaught Error: Call to undefined function awesome_get_svg() in /Applications/XAMPP/xamppfiles/htdocs/awesometheme/wp-content/themes/awesome/functions.php:158
Stack trace:
#0 /Applications/XAMPP/xamppfiles/htdocs/awesometheme/wp-includes/class-wp-hook.php(286): awesome_video_controls(Array)
#1 /Applications/XAMPP/xamppfiles/htdocs/awesometheme/wp-includes/plugin.php(203): WP_Hook->apply_filters(Array, Array)
#2 /Applications/XAMPP/xamppfiles/htdocs/awesometheme/wp-includes/theme.php(1408): apply_filters('header_video_se...', Array)
#3 /Applications/XAMPP/xamppfiles/htdocs/awesometheme/wp-includes/theme.php(1495): get_header_video_settings()
#4 /Applications/XAMPP/xamppfiles/htdocs/awesometheme/wp-includes/customize/class-wp-customize-partial.php(203): the_custom_header_markup(Object(WP_Customize_Partial), NULL)
#5 /Applications/XAMPP/xamppfiles/htdocs/awesometheme/wp-includes/customize/class-wp-customize-selective-refresh.php(384): WP_Customize_Partial->render(NULL)
#6 /Applications/XAMPP/xamppfiles/htdocs/aw in /Applications/XAMPP/xamppfiles/htdocs/awesometheme/wp-content/themes/awesome/functions.php on line 158
[22-Feb-2019 12:50:28 UTC] PHP Warning:  An unexpected error occurred. Something may be wrong with WordPress.org or this server&#8217;s configuration. If you continue to have problems, please try the <a href="https://wordpress.org/support/">support forums</a>. (WordPress could not establish a secure connection to WordPress.org. Please contact your server administrator.) in /Applications/XAMPP/xamppfiles/htdocs/awesometheme/wp-includes/update.php on line 155
[22-Feb-2019 12:50:43 UTC] PHP Warning:  An unexpected error occurred. Something may be wrong with WordPress.org or this server&#8217;s configuration. If you continue to have problems, please try the <a href="https://wordpress.org/support/">support forums</a>. (WordPress could not establish a secure connection to WordPress.org. Please contact your server administrator.) in /Applications/XAMPP/xamppfiles/htdocs/awesometheme/wp-includes/update.php on line 347
[22-Feb-2019 12:51:07 UTC] PHP Warning:  An unexpected error occurred. Something may be wrong with WordPress.org or this server&#8217;s configuration. If you continue to have problems, please try the <a href="https://wordpress.org/support/">support forums</a>. (WordPress could not establish a secure connection to WordPress.org. Please contact your server administrator.) in /Applications/XAMPP/xamppfiles/htdocs/awesometheme/wp-includes/update.php on line 529
[22-Feb-2019 12:51:31 UTC] PHP Warning:  An unexpected error occurred. Something may be wrong with WordPress.org or this server&#8217;s configuration. If you continue to have problems, please try the <a href="https://wordpress.org/support/">support forums</a>. (WordPress could not establish a secure connection to WordPress.org. Please contact your server administrator.) in /Applications/XAMPP/xamppfiles/htdocs/awesometheme/wp-includes/update.php on line 529
[22-Feb-2019 12:51:50 UTC] PHP Warning:  An unexpected error occurred. Something may be wrong with WordPress.org or this server&#8217;s configuration. If you continue to have problems, please try the <a href="https://wordpress.org/support/">support forums</a>. (WordPress could not establish a secure connection to WordPress.org. Please contact your server administrator.) in /Applications/XAMPP/xamppfiles/htdocs/awesometheme/wp-includes/update.php on line 347
[22-Feb-2019 12:51:52 UTC] PHP Warning:  An unexpected error occurred. Something may be wrong with WordPress.org or this server&#8217;s configuration. If you continue to have problems, please try the <a href="https://wordpress.org/support/">support forums</a>. (WordPress could not establish a secure connection to WordPress.org. Please contact your server administrator.) in /Applications/XAMPP/xamppfiles/htdocs/awesometheme/wp-includes/update.php on line 347
